
Unhandled Exception:
System.Net.Sockets.SocketException (0x80004005): The requested address is not valid in this context
  at System.Net.Sockets.Socket.SendTo (System.Byte[] buffer, System.Int32 offset, System.Int32 size, System.Net.Sockets.SocketFlags socketFlags, System.Net.EndPoint remoteEP) [0x00082] in <bc69ad8632744cfba18f9705e53c6302>:0 
  at System.Net.Sockets.UdpClient.Send (System.Byte[] dgram, System.Int32 bytes, System.Net.IPEndPoint endPoint) [0x00067] in <bc69ad8632744cfba18f9705e53c6302>:0 
  at EthernetLinkConfig.Classes.UdpReceiverClassCustom.SendUDP (System.Byte[] toSend) [0x00016] in <92cb33cd596b4f1aa7d6d1e858982de5>:0 
  at EthernetLinkConfig.FrmMain.SendUdp (System.String toSend, System.Int32 port) [0x00052] in <92cb33cd596b4f1aa7d6d1e858982de5>:0 
  at EthernetLinkConfig.FrmMain.timerGetToggles_Tick (System.Object sender, System.EventArgs e) [0x0001e] in <92cb33cd596b4f1aa7d6d1e858982de5>:0 
  at System.Windows.Forms.Timer.OnTick (System.EventArgs e) [0x00008] in <8db577519b474caf93435eea9eb6a45f>:0 
  at System.Windows.Forms.Timer.FireTick () [0x00000] in <8db577519b474caf93435eea9eb6a45f>:0 
  at (wrapper remoting-invoke-with-check) System.Windows.Forms.Timer.FireTick()
  at System.Windows.Forms.XplatUICarbon.CheckTimers (System.DateTime now) [0x00089] in <8db577519b474caf93435eea9eb6a45f>:0 
  at System.Windows.Forms.XplatUICarbon.PeekMessage (System.Object queue_id, System.Windows.Forms.MSG& msg, System.IntPtr hWnd, System.Int32 wFilterMin, System.Int32 wFilterMax, System.UInt32 flags) [0x00012] in <8db577519b474caf93435eea9eb6a45f>:0 
  at System.Windows.Forms.XplatUICarbon.DoEvents () [0x00022] in <8db577519b474caf93435eea9eb6a45f>:0 
  at System.Windows.Forms.XplatUI.DoEvents () [0x00000] in <8db577519b474caf93435eea9eb6a45f>:0 
  at System.Windows.Forms.Application.DoEvents () [0x00000] in <8db577519b474caf93435eea9eb6a45f>:0 
  at EthernetLinkConfig.Classes.Common.WaitFor (System.Int32 milliSeconds) [0x00011] in <92cb33cd596b4f1aa7d6d1e858982de5>:0 
  at EthernetLinkConfig.FrmMain.timerRefresher_Tick (System.Object sender, System.EventArgs e) [0x00307] in <92cb33cd596b4f1aa7d6d1e858982de5>:0 
  at System.Windows.Forms.Timer.OnTick (System.EventArgs e) [0x00008] in <8db577519b474caf93435eea9eb6a45f>:0 
  at System.Windows.Forms.Timer.FireTick () [0x00000] in <8db577519b474caf93435eea9eb6a45f>:0 
  at (wrapper remoting-invoke-with-check) System.Windows.Forms.Timer.FireTick()
  at System.Windows.Forms.XplatUICarbon.CheckTimers (System.DateTime now) [0x00089] in <8db577519b474caf93435eea9eb6a45f>:0 
  at System.Windows.Forms.XplatUICarbon.GetMessage (System.Object queue_id, System.Windows.Forms.MSG& msg, System.IntPtr hWnd, System.Int32 wFilterMin, System.Int32 wFilterMax) [0x00012] in <8db577519b474caf93435eea9eb6a45f>:0 
  at System.Windows.Forms.XplatUI.GetMessage (System.Object queue_id, System.Windows.Forms.MSG& msg, System.IntPtr hWnd, System.Int32 wFilterMin, System.Int32 wFilterMax) [0x00000] in <8db577519b474caf93435eea9eb6a45f>:0 
  at System.Windows.Forms.Application.RunLoop (System.Boolean Modal, System.Windows.Forms.ApplicationContext context) [0x0034e] in <8db577519b474caf93435eea9eb6a45f>:0 
  at System.Windows.Forms.Application.Run (System.Windows.Forms.ApplicationContext context) [0x00011] in <8db577519b474caf93435eea9eb6a45f>:0 
  at System.Windows.Forms.Application.Run (System.Windows.Forms.Form mainForm) [0x00006] in <8db577519b474caf93435eea9eb6a45f>:0 
  at EthernetLinkConfig.Program.Main () [0x00062] in <92cb33cd596b4f1aa7d6d1e858982de5>:0 
[ERROR] FATAL UNHANDLED EXCEPTION: System.Net.Sockets.SocketException (0x80004005): The requested address is not valid in this context
  at System.Net.Sockets.Socket.SendTo (System.Byte[] buffer, System.Int32 offset, System.Int32 size, System.Net.Sockets.SocketFlags socketFlags, System.Net.EndPoint remoteEP) [0x00082] in <bc69ad8632744cfba18f9705e53c6302>:0 
  at System.Net.Sockets.UdpClient.Send (System.Byte[] dgram, System.Int32 bytes, System.Net.IPEndPoint endPoint) [0x00067] in <bc69ad8632744cfba18f9705e53c6302>:0 
  at EthernetLinkConfig.Classes.UdpReceiverClassCustom.SendUDP (System.Byte[] toSend) [0x00016] in <92cb33cd596b4f1aa7d6d1e858982de5>:0 
  at EthernetLinkConfig.FrmMain.SendUdp (System.String toSend, System.Int32 port) [0x00052] in <92cb33cd596b4f1aa7d6d1e858982de5>:0 
  at EthernetLinkConfig.FrmMain.timerGetToggles_Tick (System.Object sender, System.EventArgs e) [0x0001e] in <92cb33cd596b4f1aa7d6d1e858982de5>:0 
  at System.Windows.Forms.Timer.OnTick (System.EventArgs e) [0x00008] in <8db577519b474caf93435eea9eb6a45f>:0 
  at System.Windows.Forms.Timer.FireTick () [0x00000] in <8db577519b474caf93435eea9eb6a45f>:0 
  at (wrapper remoting-invoke-with-check) System.Windows.Forms.Timer.FireTick()
  at System.Windows.Forms.XplatUICarbon.CheckTimers (System.DateTime now) [0x00089] in <8db577519b474caf93435eea9eb6a45f>:0 
  at System.Windows.Forms.XplatUICarbon.PeekMessage (System.Object queue_id, System.Windows.Forms.MSG& msg, System.IntPtr hWnd, System.Int32 wFilterMin, System.Int32 wFilterMax, System.UInt32 flags) [0x00012] in <8db577519b474caf93435eea9eb6a45f>:0 
  at System.Windows.Forms.XplatUICarbon.DoEvents () [0x00022] in <8db577519b474caf93435eea9eb6a45f>:0 
  at System.Windows.Forms.XplatUI.DoEvents () [0x00000] in <8db577519b474caf93435eea9eb6a45f>:0 
  at System.Windows.Forms.Application.DoEvents () [0x00000] in <8db577519b474caf93435eea9eb6a45f>:0 
  at EthernetLinkConfig.Classes.Common.WaitFor (System.Int32 milliSeconds) [0x00011] in <92cb33cd596b4f1aa7d6d1e858982de5>:0 
  at EthernetLinkConfig.FrmMain.timerRefresher_Tick (System.Object sender, System.EventArgs e) [0x00307] in <92cb33cd596b4f1aa7d6d1e858982de5>:0 
  at System.Windows.Forms.Timer.OnTick (System.EventArgs e) [0x00008] in <8db577519b474caf93435eea9eb6a45f>:0 
  at System.Windows.Forms.Timer.FireTick () [0x00000] in <8db577519b474caf93435eea9eb6a45f>:0 
  at (wrapper remoting-invoke-with-check) System.Windows.Forms.Timer.FireTick()
  at System.Windows.Forms.XplatUICarbon.CheckTimers (System.DateTime now) [0x00089] in <8db577519b474caf93435eea9eb6a45f>:0 
  at System.Windows.Forms.XplatUICarbon.GetMessage (System.Object queue_id, System.Windows.Forms.MSG& msg, System.IntPtr hWnd, System.Int32 wFilterMin, System.Int32 wFilterMax) [0x00012] in <8db577519b474caf93435eea9eb6a45f>:0 
  at System.Windows.Forms.XplatUI.GetMessage (System.Object queue_id, System.Windows.Forms.MSG& msg, System.IntPtr hWnd, System.Int32 wFilterMin, System.Int32 wFilterMax) [0x00000] in <8db577519b474caf93435eea9eb6a45f>:0 
  at System.Windows.Forms.Application.RunLoop (System.Boolean Modal, System.Windows.Forms.ApplicationContext context) [0x0034e] in <8db577519b474caf93435eea9eb6a45f>:0 
  at System.Windows.Forms.Application.Run (System.Windows.Forms.ApplicationContext context) [0x00011] in <8db577519b474caf93435eea9eb6a45f>:0 
  at System.Windows.Forms.Application.Run (System.Windows.Forms.Form mainForm) [0x00006] in <8db577519b474caf93435eea9eb6a45f>:0 
  at EthernetLinkConfig.Program.Main () [0x00062] in <92cb33cd596b4f1aa7d6d1e858982de5>:0 
